<?xml version="1.0" encoding="UTF-8"?>
<definitions xmlns="http://www.omg.org/spec/BPMN/20100524/MODEL" xmlns:xsi="http://www.w3.org/2001/XMLSchema-instance" xmlns:flowable="http://flowable.org/bpmn" xmlns:bpmndi="http://www.omg.org/spec/BPMN/20100524/DI" xmlns:omgdc="http://www.omg.org/spec/DD/20100524/DC" xmlns:omgdi="http://www.omg.org/spec/DD/20100524/DI" xmlns:bproc="http://schemas.haulmont.com/bproc/bpmn" xmlns:xsd="http://www.w3.org/2001/XMLSchema" targetNamespace="http://www.flowable.org/processdef">
  <process id="test-process-1" name="Test process 1" isExecutable="true" flowable:candidateStarterGroups="all-users" bproc:candidateStarterGroupsValue="all-users">
    <startEvent id="startEvent1">
      <extensionElements>
        <bproc:formData type="custom" screenId="custom-start-form" />
      </extensionElements>
      <outgoing>SequenceFlow_0e2hz4p</outgoing>
    </startEvent>
    <sequenceFlow id="SequenceFlow_0e2hz4p" sourceRef="startEvent1" targetRef="task1" />
    <sequenceFlow id="SequenceFlow_0bb6fpj" sourceRef="task1" targetRef="task2" />
    <endEvent id="EndEvent_08rskxh">
      <incoming>SequenceFlow_1qsellq</incoming>
    </endEvent>
    <sequenceFlow id="SequenceFlow_1qsellq" sourceRef="task2" targetRef="EndEvent_08rskxh" />
    <userTask id="task1" name="Task 1" flowable:assignee="${sample_TestUserProvider.getForProcess(execution.id)}" bproc:assigneeSource="userProvider" bproc:assigneeValue="sample_TestUserProvider">
      <extensionElements>
        <bproc:formData type="custom" screenId="form-1">
          <bproc:formParams>
            <bproc:formParam name="param1" value="val1" valueSource="directValue" />
          </bproc:formParams>
        </bproc:formData>
      </extensionElements>
      <incoming>SequenceFlow_0e2hz4p</incoming>
      <outgoing>SequenceFlow_0bb6fpj</outgoing>
    </userTask>
    <userTask id="task2" name="Task 2" flowable:assignee="${sample_TestUserProvider.getForProcess(execution.id)}" bproc:assigneeSource="userProvider" bproc:assigneeValue="sample_TestUserProvider">
      <extensionElements>
        <bproc:formData type="input-dialog" openMode="DIALOG">
          <bproc:formOutcomes>
            <bproc:formOutcome id="yes" caption="Yes" />
            <bproc:formOutcome id="no" caption="No" />
          </bproc:formOutcomes>
        </bproc:formData>
      </extensionElements>
      <incoming>SequenceFlow_0bb6fpj</incoming>
      <outgoing>SequenceFlow_1qsellq</outgoing>
    </userTask>
  </process>
  <bpmndi:BPMNDiagram id="BPMNDiagram_process">
    <bpmndi:BPMNPlane id="BPMNPlane_process" bpmnElement="test-process-1">
      <bpmndi:BPMNShape id="BPMNShape_startEvent1" bpmnElement="startEvent1">
        <omgdc:Bounds x="62" y="82" width="30" height="30" />
      </bpmndi:BPMNShape>
      <bpmndi:BPMNEdge id="SequenceFlow_0e2hz4p_di" bpmnElement="SequenceFlow_0e2hz4p">
        <omgdi:waypoint x="92" y="97" />
        <omgdi:waypoint x="142" y="97" />
      </bpmndi:BPMNEdge>
      <bpmndi:BPMNEdge id="SequenceFlow_0bb6fpj_di" bpmnElement="SequenceFlow_0bb6fpj">
        <omgdi:waypoint x="242" y="97" />
        <omgdi:waypoint x="292" y="97" />
      </bpmndi:BPMNEdge>
      <bpmndi:BPMNShape id="EndEvent_08rskxh_di" bpmnElement="EndEvent_08rskxh">
        <omgdc:Bounds x="442" y="79" width="36" height="36" />
      </bpmndi:BPMNShape>
      <bpmndi:BPMNEdge id="SequenceFlow_1qsellq_di" bpmnElement="SequenceFlow_1qsellq">
        <omgdi:waypoint x="392" y="97" />
        <omgdi:waypoint x="442" y="97" />
      </bpmndi:BPMNEdge>
      <bpmndi:BPMNShape id="UserTask_0zuvzir_di" bpmnElement="task1">
        <omgdc:Bounds x="142" y="57" width="100" height="80" />
      </bpmndi:BPMNShape>
      <bpmndi:BPMNShape id="UserTask_0m8jrid_di" bpmnElement="task2">
        <omgdc:Bounds x="292" y="57" width="100" height="80" />
      </bpmndi:BPMNShape>
    </bpmndi:BPMNPlane>
  </bpmndi:BPMNDiagram>
</definitions>
